[2026-03-26 18:25:07] [info] Start Program:
Path:"C:\Users\rares\Desktop\Lab2_4f\x64\Debug\Lab2_4f.exe"
Arguments:
Working directory: "C:\Users\rares\Desktop\Lab2_4f\Lab2_4f\"
Modules: Selected: C:\Users\rares\Desktop\Lab2_4f\x64\Debug\Lab2_4f.exe Excluded: 
Sources: Selected: C:\Users\rares\Desktop\Lab2_4f\Lab2_4f Excluded: 
Log Level: Normal
Cover Children: 0
Aggregate by file: 1
Continue after C++ exception: 0
Optimized build support: 0
Export: Binary C:\Users\rares\AppData\Local\Temp\z2jrt4ps.euj 
Input coverage: 
Unified diff: 
Excluded line regular expressions: 
Substitute pdb source paths: 

[2026-03-26 18:25:07] [info] Module: C:\Users\rares\Desktop\Lab2_4f\x64\Debug\Lab2_4f.exe is selected because it matches selected pattern: C:\Users\rares\Desktop\Lab2_4f\x64\Debug\Lab2_4f.exe
[2026-03-26 18:25:07] [info] ----------------------------------------------------
[2026-03-26 18:25:07] [info] Coverage binary generated in file: C:\Users\rares\AppData\Local\Temp\z2jrt4ps.euj
[2026-03-26 18:25:07] [info] ----------------------------------------------------
