[2026-05-21 16:50:05] [info] Start Program:
Path:"C:\Users\rares\Desktop\Sem2\OOP\ServiceMasini\x64\Debug\ServiceMasini.exe"
Arguments:
Working directory: "C:\Users\rares\Desktop\Sem2\OOP\ServiceMasini\"
Modules: Selected: C:\Users\rares\Desktop\Sem2\OOP\ServiceMasini\x64\Debug\ServiceMasini.exe Excluded: 
Sources: Selected: C:\Users\rares\Desktop\Sem2\OOP\ServiceMasini Excluded: 
Log Level: Normal
Cover Children: 0
Aggregate by file: 1
Continue after C++ exception: 0
Optimized build support: 0
Export: Binary C:\Users\rares\AppData\Local\Temp\0t4hflxk.ccq 
Input coverage: 
Unified diff: 
Excluded line regular expressions: 
Substitute pdb source paths: 

[2026-05-21 16:50:05] [info] Module: C:\Users\rares\Desktop\Sem2\OOP\ServiceMasini\x64\Debug\ServiceMasini.exe is selected because it matches selected pattern: C:\Users\rares\Desktop\Sem2\OOP\ServiceMasini\x64\Debug\ServiceMasini.exe
[2026-05-21 16:50:18] [info] ----------------------------------------------------
[2026-05-21 16:50:18] [info] Coverage binary generated in file: C:\Users\rares\AppData\Local\Temp\0t4hflxk.ccq
[2026-05-21 16:50:18] [info] ----------------------------------------------------
