[2026-05-07 13:04:09] [info] Start Program:
Path:"C:\Users\rares\Desktop\Sem2\OOP\Lab10_11\x64\Debug\Lab8_9.exe"
Arguments:
Working directory: "C:\Users\rares\Desktop\Sem2\OOP\Lab10_11\"
Modules: Selected: C:\Users\rares\Desktop\Sem2\OOP\Lab10_11\x64\Debug\Lab8_9.exe Excluded: 
Sources: Selected: C:\Users\rares\Desktop\Sem2\OOP\Lab10_11 Excluded: 
Log Level: Normal
Cover Children: 0
Aggregate by file: 1
Continue after C++ exception: 0
Optimized build support: 0
Export: Binary C:\Users\rares\AppData\Local\Temp\h0e4iala.vpg 
Input coverage: 
Unified diff: 
Excluded line regular expressions: 
Substitute pdb source paths: 

[2026-05-07 13:04:09] [info] Module: C:\Users\rares\Desktop\Sem2\OOP\Lab10_11\x64\Debug\Lab8_9.exe is selected because it matches selected pattern: C:\Users\rares\Desktop\Sem2\OOP\Lab10_11\x64\Debug\Lab8_9.exe
[2026-05-07 13:04:10] [info] ----------------------------------------------------
[2026-05-07 13:04:10] [info] Coverage binary generated in file: C:\Users\rares\AppData\Local\Temp\h0e4iala.vpg
[2026-05-07 13:04:10] [info] ----------------------------------------------------
