     1                                  bits 32 ; assembling for the 32 bits architecture
     2                                  ;Se dau doua siruri de octeti S1 si S2. Sa se construiasca sirul D prin concatenarea elementelor din sirul S1 1uate de la stanga spre dreapta si a elementelor din sirul S2 luate de la dreapta spre stanga.
     3                                  ;Exemplu:
     4                                  ;S1: 1, 2, 3, 4
     5                                  ;S2: 5, 6, 7
     6                                  ;D: 1, 2, 3, 4, 7, 6, 5
     7                                  ; declare the EntryPoint (a label defining the very first instruction of the program)
     8                                  global start        
     9                                  
    10                                  ; declare external functions needed by our program
    11                                  extern exit               ; tell nasm that exit exists even if we won't be defining it
    12                                  import exit msvcrt.dll    ; exit is a function that ends the calling process. It is defined in msvcrt.dll
    13                                                            ; msvcrt.dll contains exit, printf and all the other important C-runtime specific functions
    14                                  
    15                                  ; our data is declared here (the variables needed by our program)
    16                                  segment data use32 class=data
    17                                      ; ...
    18 00000000 01020304                    s1 db 1, 2, 3, 4
    19                                      l1 equ $-s1
    20 00000004 050607                      s2 db 5, 6, 7
    21                                      l2 equ $-s2
    22 00000007 00<rept>                    d times l1+l2 db 0
    23                                  ; our code starts here
    24                                  segment code use32 class=code
    25                                      start:
    26                                          ; ...
    27 00000000 B904000000                      mov ecx, l1
    28 00000005 BB00000000                      mov ebx, 0
    29                                          
    30 0000000A E30F                            jecxz fin1
    31                                          sir1:
    32 0000000C 8A83[00000000]                      mov al,[s1+ebx]
    33 00000012 8883[07000000]                      mov [d+ebx],al
    34 00000018 43                                  inc ebx
    35 00000019 E2F1                            loop sir1
    36                                          fin1:
    37 0000001B B903000000                      mov ecx, l2
    38 00000020 BB00000000                      mov ebx, 0
    39 00000025 BA04000000                      mov edx, l1
    40 0000002A E310                            jecxz fin2
    41                                          sir2:
    42 0000002C 8A81[03000000]                      mov al,[s2+ecx-1]
    43 00000032 88841A[07000000]                    mov [d+edx+ebx],al
    44 00000039 43                                  inc ebx
    45 0000003A E2F0                            loop sir2
    46                                          fin2:
    47                                          ; exit(0)
    48 0000003C 6A00                            push    dword 0      ; push the parameter for exit onto the stack
    49 0000003E FF15[00000000]                  call    [exit]       ; call exit to terminate the program
