[2026-03-26 18:27:00] [info] Start Program:
Path:"C:\Users\rares\Desktop\Sem2\OOP\lab2_4 - alocare dinamica\lab2_4_dinamic\lab2_4\Lab2_4 - Inchiriere masini\x64\Debug\Lab2_4 - Inchiriere masini.exe"
Arguments:
Working directory: "C:\Users\rares\Desktop\Sem2\OOP\lab2_4 - alocare dinamica"
Modules: Selected: C:\Users\rares\Desktop\Sem2\OOP\lab2_4 - alocare dinamica\lab2_4_dinamic\lab2_4\Lab2_4 - Inchiriere masini\x64\Debug\Lab2_4 - Inchiriere masini.exe Excluded: 
Sources: Selected: C:\Users\rares\Desktop\Sem2\OOP\lab2_4 - alocare dinamica\lab2_4_dinamic\lab2_4\Lab2_4 - Inchiriere masini\Lab2_4 - Inchiriere masini Excluded: *Consola.c* *main.c* 
Log Level: Normal
Cover Children: 0
Aggregate by file: 1
Continue after C++ exception: 0
Optimized build support: 0
Export: Binary C:\Users\rares\AppData\Local\Temp\q23m0bqi.yhv 
Input coverage: 
Unified diff: 
Excluded line regular expressions: 
Substitute pdb source paths: 

[2026-03-26 18:27:00] [info] Module: C:\Users\rares\Desktop\Sem2\OOP\lab2_4 - alocare dinamica\lab2_4_dinamic\lab2_4\Lab2_4 - Inchiriere masini\x64\Debug\Lab2_4 - Inchiriere masini.exe is selected because it matches selected pattern: C:\Users\rares\Desktop\Sem2\OOP\lab2_4 - alocare dinamica\lab2_4_dinamic\lab2_4\Lab2_4 - Inchiriere masini\x64\Debug\Lab2_4 - Inchiriere masini.exe
[2026-03-26 18:27:00] [info] ----------------------------------------------------
[2026-03-26 18:27:00] [info] Coverage binary generated in file: C:\Users\rares\AppData\Local\Temp\q23m0bqi.yhv
[2026-03-26 18:27:00] [info] ----------------------------------------------------
