     1                                  bits 32 ; assembling for the 32 bits architecture
     2                                  
     3                                  ; declare the EntryPoint (a label defining the very first instruction of the program)
     4                                  global start        
     5                                  
     6                                  ; declare external functions needed by our program
     7                                  extern exit, printf, scanf            ; tell nasm that exit exists even if we won't be defining it
     8                                  import exit msvcrt.dll    ; exit is a function that ends the calling process. It is defined in msvcrt.dll
     9                                  import printf msvcrt.dll
    10                                  import scanf  msvcrt.dll                      ; msvcrt.dll contains exit, printf and all the other important C-runtime specific functions
    11                                  
    12                                  ; our data is declared here (the variables needed by our program)
    13                                  segment data use32 class=data
    14                                      ; ...
    15 00000000 00000000                    a dd 0 
    16 00000004 256400                      format db "%d", 0
    17 00000007 00000000                    b dd 0 
    18                                      
    19 0000000B 0000                        rezultat dw 0
    20                                  ; our code starts here
    21                                  segment code use32 class=code
    22                                      start:
    23                                          ; ...
    24 00000000 68[00000000]                    push dword a
    25 00000005 68[04000000]                    push dword format
    26 0000000A FF15[00000000]                  call [scanf]
    27 00000010 83C408                          add esp, 4*2
    28 00000013 68[07000000]                    push dword b
    29 00000018 68[04000000]                    push dword format
    30 0000001D FF15[00000000]                  call [scanf]
    31 00000023 83C408                          add esp, 4*2
    32                                          
    33 00000026 B800000000                      mov eax, 0
    34                                          
    35 0000002B A1[00000000]                    mov eax, [a]
    36 00000030 F725[07000000]                  mul dword [b]
    37                                          
    38 00000036 A3[0B000000]                    mov [rezultat] , eax
    39                                          
    40 0000003B FF35[0B000000]                  push dword [rezultat]
    41 00000041 68[04000000]                    push dword format
    42 00000046 FF15[00000000]                  call [printf]
    43 0000004C 83C408                          add esp, 4*2
    44                                          
    45                                          
    46                                      
    47                                          ; exit(0)
    48 0000004F 6A00                            push    dword 0      ; push the parameter for exit onto the stack
    49 00000051 FF15[00000000]                  call    [exit]       ; call exit to terminate the program
