     1                                  bits 32 ; assembling for the 32 bits architecture
     2                                  
     3                                  ; declare the EntryPoint (a label defining the very first instruction of the program)
     4                                  global start        
     5                                  
     6                                  ; declare external functions needed by our program
     7                                  extern exit, fopen, fprintf, fclose, printf,fread
     8                                  import exit msvcrt.dll
     9                                  import fread msvcrt.dll  
    10                                  import fopen msvcrt.dll  
    11                                  import fprintf msvcrt.dll
    12                                  import fclose msvcrt.dll 
    13                                  import printf msvcrt.dll
    14                                    ; exit is a function that ends the calling process. It is defined in msvcrt.dll
    15                                                            ; msvcrt.dll contains exit, printf and all the other important C-runtime specific functions
    16                                  
    17                                  ; our data is declared here (the variables needed by our program)
    18                                  segment data use32 class=data
    19                                      ; ...
    20 00000000 6669736965722E7478-         fisier db "fisier.txt", 0
    20 00000009 7400               
    21 0000000B 7200                        mod_acces db "r", 0 
    22 0000000D 256400                      format db "%d", 0                                              
    23 00000010 00<rept>                    text times 100 db 0 
    24 00000074 00000000                    cnt_pare dd 0
    25 00000078 FFFFFFFF                    descriptor_fis dd -1 
    26 0000007C 00000000                    lungime_sir dd 0
    27                                  ; our code starts here
    28                                  segment code use32 class=code
    29                                      start:
    30                                          ; ...
    31 00000000 68[0B000000]                    push mod_acces
    32 00000005 68[00000000]                    push fisier
    33 0000000A FF15[00000000]                  call [fopen]
    34 00000010 83C408                          add esp,4*2
    35                                          
    36 00000013 A3[78000000]                    mov [descriptor_fis], eax
    37                                          
    38 00000018 FF35[78000000]                  push dword [descriptor_fis]
    39 0000001E 6A64                            push dword 100
    40 00000020 6A01                            push dword 1
    41 00000022 68[10000000]                    push dword text
    42 00000027 FF15[00000000]                  call [fread]
    43 0000002D 83C410                          add esp, 4*4
    44                                          
    45 00000030 A3[7C000000]                    mov [lungime_sir], eax
    46 00000035 8B0D[7C000000]                  mov ecx, [lungime_sir]
    47 0000003B BB00000000                      mov ebx, 0
    48 00000040 E319                            jecxz fin
    49                                          repeta:
    50 00000042 8B83[10000000]                      mov eax,[text+ebx]
    51 00000048 83E830                              sub eax, '0'
    52 0000004B A901000000                          test eax, 1b
    53 00000050 7506                                jnz nu_e_par
    54 00000052 FF05[74000000]                          inc dword [cnt_pare]
    55                                              nu_e_par:
    56 00000058 43                                  inc ebx
    57 00000059 E2E7                                loop repeta
    58                                          
    59                                          fin:
    60                                          
    61 0000005B FF35[74000000]                  push dword [cnt_pare]
    62 00000061 68[0D000000]                    push dword format
    63 00000066 FF15[00000000]                  call [printf]
    64 0000006C 83C408                          add esp, 4*2
    65                                          
    66                                          
    67                                          
    68 0000006F FF35[78000000]                  push dword [descriptor_fis]
    69 00000075 FF15[00000000]                  call [fclose]
    70 0000007B 83C404                          add esp, 4
    71                                          
    72                                          ; exit(0)
    73 0000007E 6A00                            push    dword 0      ; push the parameter for exit onto the stack
    74 00000080 FF15[00000000]                  call    [exit]       ; call exit to terminate the program
