[2026-03-18 15:20:37] [info] Start Program:
Path:"C:\Users\alexi\Desktop\lab2_4\Lab2_4 - Inchiriere masini\x64\Debug\Lab2_4 - Inchiriere masini.exe"
Arguments:
Working directory: "C:\Users\alexi\Desktop\lab2_4\Lab2_4 - Inchiriere masini\Lab2_4 - Inchiriere masini\"
Modules: Selected: C:\Users\alexi\Desktop\lab2_4\Lab2_4 - Inchiriere masini\x64\Debug\Lab2_4 - Inchiriere masini.exe Excluded: 
Sources: Selected: C:\Users\alexi\Desktop\lab2_4\Lab2_4 - Inchiriere masini\Lab2_4 - Inchiriere masini Excluded: *Consola.c* *main.c* 
Log Level: Normal
Cover Children: 0
Aggregate by file: 1
Continue after C++ exception: 0
Optimized build support: 0
Export: Binary C:\Users\alexi\AppData\Local\Temp\ockscrhn.n5c 
Input coverage: 
Unified diff: 
Excluded line regular expressions: 
Substitute pdb source paths: 

[2026-03-18 15:20:38] [info] Module: C:\Users\alexi\Desktop\lab2_4\Lab2_4 - Inchiriere masini\x64\Debug\Lab2_4 - Inchiriere masini.exe is selected because it matches selected pattern: C:\Users\alexi\Desktop\lab2_4\Lab2_4 - Inchiriere masini\x64\Debug\Lab2_4 - Inchiriere masini.exe
[2026-03-18 15:20:38] [info] ----------------------------------------------------
[2026-03-18 15:20:38] [info] Coverage binary generated in file: C:\Users\alexi\AppData\Local\Temp\ockscrhn.n5c
[2026-03-18 15:20:38] [info] ----------------------------------------------------
