     1                                  bits 32 ; assembling for the 32 bits architecture
     2                                  
     3                                  ; declare the EntryPoint (a label defining the very first instruction of the program)
     4                                  global start        
     5                                  
     6                                  ; declare external functions needed by our program
     7                                  extern exit               ; tell nasm that exit exists even if we won't be defining it
     8                                  import exit msvcrt.dll    ; exit is a function that ends the calling process. It is defined in msvcrt.dll
     9                                                            ; msvcrt.dll contains exit, printf and all the other important C-runtime specific functions
    10                                  
    11                                  ; our data is declared here (the variables needed by our program)
    12                                  segment data use32 class=data
    13                                      ; ...
    14 00000000 616762                      s db 'a', 'g' , 'b'
    15                                      len equ $-s
    16 00000003 00<rept>                    d times len db 0
    17                                  ; our code starts here
    18                                  segment code use32 class=code
    19                                      start:
    20                                          ; ...
    21 00000000 A1[00000000]                    mov eax, [s]
    22 00000005 A3[03000000]                    mov [d],eax
    23                                          ; exit(0)
    24 0000000A 6A00                            push    dword 0      ; push the parameter for exit onto the stack
    25 0000000C FF15[00000000]                  call    [exit]       ; call exit to terminate the program
